<?xml version="1.0" encoding="UTF-8"?>
<!-- Generated by org.testng.reporters.JUnitReportReporter -->
<testsuite hostname="LAPTOP-NLDC4M13" failures="0" tests="1" name="test.fetchInputFromFile" time="10.156" errors="0" timestamp="2022-10-05T13:18:45 IST" skipped="0">
  <testcase classname="test.fetchInputFromFile" name="f" time="10.156"/>
</testsuite> <!-- test.fetchInputFromFile -->
