<?xml version="1.0" encoding="UTF-8"?>
<!-- Generated by org.testng.reporters.JUnitReportReporter -->
<testsuite hostname="LAPTOP-NLDC4M13" failures="0" tests="2" name="test.TestAnnotation" time="0.022" errors="0" timestamp="2022-10-05T17:48:03 IST" skipped="0">
  <testcase classname="test.TestAnnotation" name="Test1" time="0.015"/>
  <testcase classname="test.TestAnnotation" name="Test2" time="0.007"/>
</testsuite> <!-- test.TestAnnotation -->
