<?xml version="1.0" encoding="UTF-8"?>
<!-- Generated by org.testng.reporters.JUnitReportReporter -->
<testsuite hostname="LAPTOP-NLDC4M13" failures="0" tests="1" name="test.implicitWait" time="57.078" errors="0" timestamp="2022-10-05T15:42:46 IST" skipped="0">
  <testcase classname="test.implicitWait" name="testUntitled" time="57.078"/>
</testsuite> <!-- test.implicitWait -->
