<?xml version="1.0" encoding="UTF-8"?>
<!-- Generated by org.testng.reporters.JUnitReportReporter -->
<testsuite hostname="LAPTOP-NLDC4M13" failures="0" tests="1" name="factory.SampleTest" time="0.028" errors="0" timestamp="2022-10-06T17:19:04 IST" skipped="0">
  <testcase classname="factory.SampleTest" name="testmethod" time="0.028"/>
</testsuite> <!-- factory.SampleTest -->
