<?xml version="1.0" encoding="UTF-8"?>
<!-- Generated by org.testng.reporters.JUnitReportReporter -->
<testsuite hostname="LAPTOP-NLDC4M13" failures="0" tests="3" name="testAnnotation.TestAnnotationBeforeGroups" time="0.016" errors="0" timestamp="2022-10-06T15:07:52 IST" skipped="0">
  <testcase classname="testAnnotation.TestAnnotationBeforeGroups" name="testMethod1" time="0.005"/>
  <testcase classname="testAnnotation.TestAnnotationBeforeGroups" name="testMethod2" time="0.003"/>
  <testcase classname="testAnnotation.TestAnnotationBeforeGroups" name="testMethod" time="0.008"/>
</testsuite> <!-- testAnnotation.TestAnnotationBeforeGroups -->
