<?xml version="1.0" encoding="UTF-8"?>
<!-- Generated by org.testng.reporters.JUnitReportReporter -->
<testsuite hostname="LAPTOP-NLDC4M13" failures="0" tests="1" name="test.NewTestF" time="14.174" errors="0" timestamp="2022-10-05T17:16:44 IST" skipped="0">
  <testcase classname="test.NewTestF" name="f" time="14.174"/>
</testsuite> <!-- test.NewTestF -->
