<?xml version="1.0" encoding="UTF-8"?>
<!-- Generated by org.testng.reporters.JUnitReportReporter -->
<testsuite hostname="LAPTOP-NLDC4M13" failures="0" tests="4" name="factory.DataProviderTest" time="0.022" errors="0" timestamp="2022-10-06T17:24:22 IST" skipped="0">
  <testcase classname="factory.DataProviderTest" name="testMethodOne" time="0.003"/>
  <testcase classname="factory.DataProviderTest" name="testMethodOne" time="0.015"/>
  <testcase classname="factory.DataProviderTest" name="testMethodTwo" time="0.002"/>
  <testcase classname="factory.DataProviderTest" name="testMethodTwo" time="0.002"/>
</testsuite> <!-- factory.DataProviderTest -->
