<?xml version="1.0" encoding="UTF-8"?>
<!-- Generated by org.testng.reporters.JUnitReportReporter -->
<testsuite hostname="LAPTOP-NLDC4M13" failures="0" tests="1" name="test.TestByKey" time="22.439" errors="0" timestamp="2022-10-05T14:50:17 IST" skipped="0">
  <testcase classname="test.TestByKey" name="f" time="22.439"/>
</testsuite> <!-- test.TestByKey -->
