<?xml version="1.0" encoding="UTF-8"?>
<!-- Generated by org.testng.reporters.JUnitReportReporter -->
<testsuite hostname="LAPTOP-NLDC4M13" failures="0" tests="1" name="factory.ParameterAnnotation" time="0.021" errors="0" timestamp="2022-10-06T17:45:54 IST" skipped="0">
  <testcase classname="factory.ParameterAnnotation" name="Sum" time="0.021"/>
</testsuite> <!-- factory.ParameterAnnotation -->
