<?xml version="1.0" encoding="UTF-8"?>
<!-- Generated by org.testng.reporters.JUnitReportReporter -->
<testsuite hostname="LAPTOP-NLDC4M13" failures="0" tests="1" name="test.Fetchinput" time="7.559" errors="0" timestamp="2022-10-05T13:08:40 IST" skipped="0">
  <testcase classname="test.Fetchinput" name="f" time="7.559"/>
</testsuite> <!-- test.Fetchinput -->
