<?xml version="1.0" encoding="UTF-8"?>
<!-- Generated by org.testng.reporters.JUnitReportReporter -->
<testsuite hostname="LAPTOP-NLDC4M13" failures="0" tests="1" name="testAnnotation.NewTest" time="19.676" errors="0" timestamp="2022-10-06T14:51:20 IST" skipped="0">
  <testcase classname="testAnnotation.NewTest" name="f" time="19.676"/>
</testsuite> <!-- testAnnotation.NewTest -->
