<?xml version="1.0" encoding="UTF-8"?>
<!-- Generated by org.testng.reporters.JUnitReportReporter -->
<testsuite hostname="LAPTOP-NLDC4M13" failures="0" tests="1" name="test.ScreenShotTest" time="59.217" errors="0" timestamp="2022-10-05T14:40:07 IST" skipped="0">
  <testcase classname="test.ScreenShotTest" name="f" time="59.217"/>
</testsuite> <!-- test.ScreenShotTest -->
