<?xml version="1.0" encoding="UTF-8"?>
<!-- Generated by org.testng.reporters.JUnitReportReporter -->
<testsuite hostname="LAPTOP-NLDC4M13" failures="0" tests="2" name="testAnnotation.ParallelTestWithMultiThread" time="51.956" errors="0" timestamp="2022-10-06T15:54:17 IST" skipped="0">
  <testcase classname="testAnnotation.ParallelTestWithMultiThread" name="testOnChromeWithBrowserStackSignUp" time="37.506"/>
  <testcase classname="testAnnotation.ParallelTestWithMultiThread" name="testOnChromeWithBrowserStackUrl" time="14.450"/>
</testsuite> <!-- testAnnotation.ParallelTestWithMultiThread -->
